<?xml version="1.0" encoding="UTF-8"?>
<coverage generated="1771783230812" clover="3.2.0">
  <project timestamp="1771783230812" name="All files">
    <metrics statements="140" coveredstatements="116" conditionals="77" coveredconditionals="37" methods="29" coveredmethods="22" elements="246" coveredelements="175" complexity="0" loc="140" ncloc="140" packages="1" files="1" classes="1"/>
    <file name="script.js" path="C:\Users\Lenovo\OneDrive - Ida-Virumaa Kutsehariduskeskus\Рабочий стол\прочее\git portfolio\System_and_Application_Soft\script.js">
      <metrics statements="140" coveredstatements="116" conditionals="77" coveredconditionals="37" methods="29" coveredmethods="22"/>
      <line num="2" count="1" type="cond" truecount="2" falsecount="0"/>
      <line num="7" count="1" type="stmt"/>
      <line num="63" count="6" type="cond" truecount="2" falsecount="0"/>
      <line num="64" count="5" type="stmt"/>
      <line num="65" count="5" type="stmt"/>
      <line num="70" count="9" type="stmt"/>
      <line num="71" count="459" type="stmt"/>
      <line num="76" count="9" type="cond" truecount="1" falsecount="1"/>
      <line num="77" count="9" type="stmt"/>
      <line num="80" count="9" type="stmt"/>
      <line num="81" count="458" type="stmt"/>
      <line num="82" count="458" type="stmt"/>
      <line num="83" count="458" type="stmt"/>
      <line num="92" count="458" type="stmt"/>
      <line num="93" count="458" type="cond" truecount="1" falsecount="1"/>
      <line num="94" count="458" type="stmt"/>
      <line num="95" count="1" type="stmt"/>
      <line num="96" count="1" type="stmt"/>
      <line num="97" count="1" type="stmt"/>
      <line num="101" count="458" type="cond" truecount="1" falsecount="1"/>
      <line num="102" count="458" type="stmt"/>
      <line num="103" count="458" type="cond" truecount="1" falsecount="1"/>
      <line num="104" count="458" type="stmt"/>
      <line num="111" count="2" type="stmt"/>
      <line num="112" count="2" type="stmt"/>
      <line num="113" count="2" type="stmt"/>
      <line num="122" count="1" type="stmt"/>
      <line num="123" count="1" type="stmt"/>
      <line num="124" count="1" type="stmt"/>
      <line num="125" count="1" type="stmt"/>
      <line num="126" count="1" type="stmt"/>
      <line num="127" count="1" type="stmt"/>
      <line num="128" count="1" type="stmt"/>
      <line num="129" count="1" type="stmt"/>
      <line num="130" count="1" type="stmt"/>
      <line num="131" count="1" type="stmt"/>
      <line num="134" count="1" type="cond" truecount="1" falsecount="1"/>
      <line num="135" count="1" type="cond" truecount="1" falsecount="1"/>
      <line num="136" count="1" type="cond" truecount="1" falsecount="1"/>
      <line num="137" count="1" type="cond" truecount="1" falsecount="1"/>
      <line num="140" count="1" type="cond" truecount="1" falsecount="1"/>
      <line num="141" count="1" type="cond" truecount="1" falsecount="1"/>
      <line num="142" count="1" type="cond" truecount="1" falsecount="1"/>
      <line num="143" count="1" type="stmt"/>
      <line num="144" count="2" type="cond" truecount="1" falsecount="1"/>
      <line num="148" count="50" type="stmt"/>
      <line num="149" count="1" type="stmt"/>
      <line num="150" count="20" type="stmt"/>
      <line num="151" count="20" type="stmt"/>
      <line num="152" count="20" type="stmt"/>
      <line num="153" count="20" type="stmt"/>
      <line num="154" count="20" type="stmt"/>
      <line num="155" count="20" type="stmt"/>
      <line num="156" count="20" type="cond" truecount="1" falsecount="1"/>
      <line num="159" count="1" type="stmt"/>
      <line num="163" count="1" type="stmt"/>
      <line num="164" count="1" type="cond" truecount="1" falsecount="1"/>
      <line num="165" count="1" type="stmt"/>
      <line num="168" count="1" type="stmt"/>
      <line num="169" count="2" type="stmt"/>
      <line num="172" count="2" type="stmt"/>
      <line num="175" count="2" type="stmt"/>
      <line num="180" count="2" type="stmt"/>
      <line num="181" count="2" type="cond" truecount="1" falsecount="1"/>
      <line num="182" count="2" type="stmt"/>
      <line num="183" count="2" type="stmt"/>
      <line num="184" count="2" type="stmt"/>
      <line num="186" count="2" type="stmt"/>
      <line num="187" count="21" type="stmt"/>
      <line num="188" count="0" type="stmt"/>
      <line num="189" count="0" type="stmt"/>
      <line num="191" count="21" type="stmt"/>
      <line num="192" count="0" type="stmt"/>
      <line num="196" count="2" type="stmt"/>
      <line num="197" count="4" type="stmt"/>
      <line num="198" count="0" type="stmt"/>
      <line num="199" count="0" type="stmt"/>
      <line num="201" count="4" type="stmt"/>
      <line num="202" count="0" type="stmt"/>
      <line num="204" count="4" type="stmt"/>
      <line num="205" count="0" type="stmt"/>
      <line num="206" count="0" type="stmt"/>
      <line num="207" count="0" type="stmt"/>
      <line num="208" count="0" type="stmt"/>
      <line num="209" count="0" type="cond" truecount="0" falsecount="2"/>
      <line num="210" count="0" type="stmt"/>
      <line num="212" count="0" type="stmt"/>
      <line num="220" count="3" type="stmt"/>
      <line num="221" count="3" type="stmt"/>
      <line num="222" count="3" type="stmt"/>
      <line num="223" count="3" type="stmt"/>
      <line num="224" count="3" type="stmt"/>
      <line num="225" count="3" type="stmt"/>
      <line num="226" count="3" type="stmt"/>
      <line num="227" count="3" type="stmt"/>
      <line num="230" count="3" type="cond" truecount="1" falsecount="1"/>
      <line num="231" count="3" type="cond" truecount="1" falsecount="1"/>
      <line num="232" count="3" type="cond" truecount="1" falsecount="1"/>
      <line num="233" count="3" type="cond" truecount="1" falsecount="1"/>
      <line num="236" count="3" type="cond" truecount="1" falsecount="1"/>
      <line num="237" count="3" type="cond" truecount="1" falsecount="1"/>
      <line num="238" count="3" type="cond" truecount="1" falsecount="1"/>
      <line num="241" count="3" type="stmt"/>
      <line num="242" count="6" type="cond" truecount="1" falsecount="1"/>
      <line num="246" count="3" type="stmt"/>
      <line num="250" count="1" type="stmt"/>
      <line num="251" count="1" type="stmt"/>
      <line num="252" count="1" type="stmt"/>
      <line num="254" count="1" type="stmt"/>
      <line num="255" count="1" type="stmt"/>
      <line num="257" count="1" type="stmt"/>
      <line num="258" count="2" type="stmt"/>
      <line num="259" count="2" type="stmt"/>
      <line num="261" count="2" type="stmt"/>
      <line num="262" count="3" type="cond" truecount="1" falsecount="1"/>
      <line num="263" count="3" type="stmt"/>
      <line num="264" count="3" type="stmt"/>
      <line num="265" count="3" type="cond" truecount="2" falsecount="0"/>
      <line num="266" count="2" type="stmt"/>
      <line num="267" count="2" type="stmt"/>
      <line num="269" count="1" type="stmt"/>
      <line num="270" count="1" type="stmt"/>
      <line num="276" count="1" type="cond" truecount="1" falsecount="1"/>
      <line num="277" count="1" type="cond" truecount="1" falsecount="1"/>
      <line num="281" count="2" type="stmt"/>
      <line num="282" count="2" type="stmt"/>
      <line num="284" count="2" type="cond" truecount="4" falsecount="0"/>
      <line num="285" count="1" type="cond" truecount="1" falsecount="1"/>
      <line num="291" count="0" type="stmt"/>
      <line num="292" count="0" type="stmt"/>
      <line num="293" count="0" type="stmt"/>
      <line num="294" count="0" type="stmt"/>
      <line num="295" count="0" type="stmt"/>
      <line num="297" count="0" type="stmt"/>
      <line num="299" count="0" type="cond" truecount="0" falsecount="2"/>
      <line num="300" count="0" type="cond" truecount="0" falsecount="2"/>
      <line num="301" count="0" type="cond" truecount="0" falsecount="2"/>
      <line num="302" count="0" type="cond" truecount="0" falsecount="2"/>
      <line num="303" count="0" type="cond" truecount="0" falsecount="2"/>
      <line num="307" count="1" type="stmt"/>
    </file>
  </project>
</coverage>
