{"C:\\Users\\Lenovo\\OneDrive - Ida-Virumaa Kutsehariduskeskus\\Рабочий стол\\прочее\\git portfolio\\System_and_Application_Soft\\script.js": {"path":"C:\\Users\\Lenovo\\OneDrive - Ida-Virumaa Kutsehariduskeskus\\Рабочий стол\\прочее\\git portfolio\\System_and_Application_Soft\\script.js","statementMap":{"0":{"start":{"line":2,"column":26},"end":{"line":2,"column":80}},"1":{"start":{"line":7,"column":28},"end":{"line":59,"column":1}},"2":{"start":{"line":63,"column":4},"end":{"line":66,"column":5}},"3":{"start":{"line":64,"column":8},"end":{"line":64,"column":36}},"4":{"start":{"line":65,"column":8},"end":{"line":65,"column":75}},"5":{"start":{"line":70,"column":27},"end":{"line":70,"column":68}},"6":{"start":{"line":71,"column":25},"end":{"line":71,"column":119}},"7":{"start":{"line":71,"column":53},"end":{"line":71,"column":86}},"8":{"start":{"line":71,"column":99},"end":{"line":71,"column":118}},"9":{"start":{"line":76,"column":4},"end":{"line":78,"column":5}},"10":{"start":{"line":77,"column":8},"end":{"line":77,"column":38}},"11":{"start":{"line":80,"column":4},"end":{"line":107,"column":7}},"12":{"start":{"line":81,"column":21},"end":{"line":81,"column":50}},"13":{"start":{"line":82,"column":8},"end":{"line":82,"column":35}},"14":{"start":{"line":83,"column":8},"end":{"line":89,"column":14}},"15":{"start":{"line":92,"column":24},"end":{"line":92,"column":54}},"16":{"start":{"line":93,"column":8},"end":{"line":99,"column":9}},"17":{"start":{"line":94,"column":12},"end":{"line":98,"column":15}},"18":{"start":{"line":95,"column":16},"end":{"line":95,"column":36}},"19":{"start":{"line":96,"column":16},"end":{"line":96,"column":45}},"20":{"start":{"line":97,"column":16},"end":{"line":97,"column":30}},"21":{"start":{"line":101,"column":8},"end":{"line":106,"column":9}},"22":{"start":{"line":102,"column":12},"end":{"line":102,"column":86}},"23":{"start":{"line":102,"column":49},"end":{"line":102,"column":84}},"24":{"start":{"line":103,"column":12},"end":{"line":105,"column":13}},"25":{"start":{"line":104,"column":16},"end":{"line":104,"column":49}},"26":{"start":{"line":111,"column":4},"end":{"line":111,"column":28}},"27":{"start":{"line":112,"column":4},"end":{"line":112,"column":44}},"28":{"start":{"line":113,"column":4},"end":{"line":113,"column":10}},"29":{"start":{"line":122,"column":27},"end":{"line":122,"column":68}},"30":{"start":{"line":123,"column":25},"end":{"line":123,"column":66}},"31":{"start":{"line":124,"column":21},"end":{"line":124,"column":57}},"32":{"start":{"line":125,"column":33},"end":{"line":125,"column":72}},"33":{"start":{"line":126,"column":22},"end":{"line":126,"column":61}},"34":{"start":{"line":127,"column":21},"end":{"line":127,"column":57}},"35":{"start":{"line":128,"column":29},"end":{"line":128,"column":63}},"36":{"start":{"line":129,"column":23},"end":{"line":129,"column":61}},"37":{"start":{"line":130,"column":28},"end":{"line":130,"column":64}},"38":{"start":{"line":131,"column":20},"end":{"line":131,"column":55}},"39":{"start":{"line":134,"column":4},"end":{"line":134,"column":63}},"40":{"start":{"line":134,"column":24},"end":{"line":134,"column":63}},"41":{"start":{"line":135,"column":4},"end":{"line":135,"column":59}},"42":{"start":{"line":135,"column":22},"end":{"line":135,"column":59}},"43":{"start":{"line":136,"column":4},"end":{"line":136,"column":54}},"44":{"start":{"line":136,"column":18},"end":{"line":136,"column":54}},"45":{"start":{"line":137,"column":4},"end":{"line":137,"column":65}},"46":{"start":{"line":137,"column":25},"end":{"line":137,"column":65}},"47":{"start":{"line":140,"column":4},"end":{"line":140,"column":66}},"48":{"start":{"line":140,"column":30},"end":{"line":140,"column":66}},"49":{"start":{"line":141,"column":4},"end":{"line":141,"column":58}},"50":{"start":{"line":141,"column":26},"end":{"line":141,"column":58}},"51":{"start":{"line":142,"column":4},"end":{"line":142,"column":51}},"52":{"start":{"line":142,"column":18},"end":{"line":142,"column":51}},"53":{"start":{"line":143,"column":4},"end":{"line":145,"column":7}},"54":{"start":{"line":144,"column":8},"end":{"line":144,"column":67}},"55":{"start":{"line":144,"column":18},"end":{"line":144,"column":67}},"56":{"start":{"line":148,"column":25},"end":{"line":148,"column":87}},"57":{"start":{"line":148,"column":54},"end":{"line":148,"column":73}},"58":{"start":{"line":149,"column":4},"end":{"line":157,"column":7}},"59":{"start":{"line":150,"column":21},"end":{"line":150,"column":50}},"60":{"start":{"line":151,"column":8},"end":{"line":151,"column":34}},"61":{"start":{"line":152,"column":8},"end":{"line":152,"column":35}},"62":{"start":{"line":153,"column":8},"end":{"line":153,"column":30}},"63":{"start":{"line":154,"column":8},"end":{"line":154,"column":37}},"64":{"start":{"line":155,"column":8},"end":{"line":155,"column":38}},"65":{"start":{"line":156,"column":8},"end":{"line":156,"column":73}},"66":{"start":{"line":156,"column":34},"end":{"line":156,"column":73}},"67":{"start":{"line":159,"column":4},"end":{"line":159,"column":30}},"68":{"start":{"line":163,"column":33},"end":{"line":163,"column":72}},"69":{"start":{"line":164,"column":4},"end":{"line":164,"column":38}},"70":{"start":{"line":164,"column":31},"end":{"line":164,"column":38}},"71":{"start":{"line":165,"column":18},"end":{"line":165,"column":59}},"72":{"start":{"line":168,"column":4},"end":{"line":176,"column":5}},"73":{"start":{"line":168,"column":17},"end":{"line":168,"column":33}},"74":{"start":{"line":169,"column":18},"end":{"line":169,"column":53}},"75":{"start":{"line":172,"column":8},"end":{"line":172,"column":62}},"76":{"start":{"line":175,"column":8},"end":{"line":175,"column":52}},"77":{"start":{"line":180,"column":33},"end":{"line":180,"column":72}},"78":{"start":{"line":181,"column":4},"end":{"line":181,"column":38}},"79":{"start":{"line":181,"column":31},"end":{"line":181,"column":38}},"80":{"start":{"line":182,"column":27},"end":{"line":182,"column":73}},"81":{"start":{"line":183,"column":22},"end":{"line":183,"column":61}},"82":{"start":{"line":184,"column":21},"end":{"line":184,"column":57}},"83":{"start":{"line":186,"column":4},"end":{"line":194,"column":7}},"84":{"start":{"line":187,"column":8},"end":{"line":190,"column":11}},"85":{"start":{"line":188,"column":12},"end":{"line":188,"column":62}},"86":{"start":{"line":189,"column":12},"end":{"line":189,"column":62}},"87":{"start":{"line":189,"column":29},"end":{"line":189,"column":57}},"88":{"start":{"line":191,"column":8},"end":{"line":193,"column":11}},"89":{"start":{"line":192,"column":12},"end":{"line":192,"column":44}},"90":{"start":{"line":196,"column":4},"end":{"line":214,"column":7}},"91":{"start":{"line":197,"column":8},"end":{"line":200,"column":11}},"92":{"start":{"line":198,"column":12},"end":{"line":198,"column":31}},"93":{"start":{"line":199,"column":12},"end":{"line":199,"column":44}},"94":{"start":{"line":201,"column":8},"end":{"line":203,"column":11}},"95":{"start":{"line":202,"column":12},"end":{"line":202,"column":47}},"96":{"start":{"line":204,"column":8},"end":{"line":213,"column":11}},"97":{"start":{"line":205,"column":12},"end":{"line":205,"column":31}},"98":{"start":{"line":206,"column":12},"end":{"line":206,"column":47}},"99":{"start":{"line":207,"column":23},"end":{"line":207,"column":59}},"100":{"start":{"line":208,"column":30},"end":{"line":208,"column":57}},"101":{"start":{"line":209,"column":12},"end":{"line":211,"column":13}},"102":{"start":{"line":210,"column":16},"end":{"line":210,"column":44}},"103":{"start":{"line":212,"column":12},"end":{"line":212,"column":34}},"104":{"start":{"line":220,"column":27},"end":{"line":220,"column":68}},"105":{"start":{"line":221,"column":25},"end":{"line":221,"column":66}},"106":{"start":{"line":222,"column":21},"end":{"line":222,"column":57}},"107":{"start":{"line":223,"column":33},"end":{"line":223,"column":72}},"108":{"start":{"line":224,"column":22},"end":{"line":224,"column":61}},"109":{"start":{"line":225,"column":21},"end":{"line":225,"column":57}},"110":{"start":{"line":226,"column":29},"end":{"line":226,"column":63}},"111":{"start":{"line":227,"column":28},"end":{"line":227,"column":64}},"112":{"start":{"line":230,"column":4},"end":{"line":230,"column":51}},"113":{"start":{"line":230,"column":18},"end":{"line":230,"column":51}},"114":{"start":{"line":231,"column":4},"end":{"line":231,"column":66}},"115":{"start":{"line":231,"column":24},"end":{"line":231,"column":66}},"116":{"start":{"line":232,"column":4},"end":{"line":232,"column":62}},"117":{"start":{"line":232,"column":22},"end":{"line":232,"column":62}},"118":{"start":{"line":233,"column":4},"end":{"line":233,"column":68}},"119":{"start":{"line":233,"column":25},"end":{"line":233,"column":68}},"120":{"start":{"line":236,"column":4},"end":{"line":236,"column":66}},"121":{"start":{"line":236,"column":30},"end":{"line":236,"column":66}},"122":{"start":{"line":237,"column":4},"end":{"line":237,"column":58}},"123":{"start":{"line":237,"column":26},"end":{"line":237,"column":58}},"124":{"start":{"line":238,"column":4},"end":{"line":238,"column":51}},"125":{"start":{"line":238,"column":18},"end":{"line":238,"column":51}},"126":{"start":{"line":241,"column":4},"end":{"line":243,"column":7}},"127":{"start":{"line":242,"column":8},"end":{"line":242,"column":67}},"128":{"start":{"line":242,"column":18},"end":{"line":242,"column":67}},"129":{"start":{"line":246,"column":4},"end":{"line":246,"column":26}},"130":{"start":{"line":250,"column":22},"end":{"line":250,"column":61}},"131":{"start":{"line":251,"column":29},"end":{"line":251,"column":63}},"132":{"start":{"line":252,"column":21},"end":{"line":252,"column":57}},"133":{"start":{"line":254,"column":25},"end":{"line":254,"column":26}},"134":{"start":{"line":255,"column":27},"end":{"line":255,"column":28}},"135":{"start":{"line":257,"column":4},"end":{"line":274,"column":7}},"136":{"start":{"line":258,"column":25},"end":{"line":258,"column":42}},"137":{"start":{"line":259,"column":28},"end":{"line":259,"column":58}},"138":{"start":{"line":261,"column":8},"end":{"line":273,"column":11}},"139":{"start":{"line":262,"column":12},"end":{"line":272,"column":13}},"140":{"start":{"line":263,"column":16},"end":{"line":263,"column":39}},"141":{"start":{"line":264,"column":16},"end":{"line":264,"column":46}},"142":{"start":{"line":265,"column":16},"end":{"line":271,"column":17}},"143":{"start":{"line":266,"column":20},"end":{"line":266,"column":37}},"144":{"start":{"line":267,"column":20},"end":{"line":267,"column":50}},"145":{"start":{"line":269,"column":20},"end":{"line":269,"column":39}},"146":{"start":{"line":270,"column":20},"end":{"line":270,"column":52}},"147":{"start":{"line":276,"column":4},"end":{"line":276,"column":119}},"148":{"start":{"line":276,"column":26},"end":{"line":276,"column":119}},"149":{"start":{"line":277,"column":4},"end":{"line":277,"column":51}},"150":{"start":{"line":277,"column":18},"end":{"line":277,"column":51}},"151":{"start":{"line":281,"column":33},"end":{"line":281,"column":72}},"152":{"start":{"line":282,"column":21},"end":{"line":282,"column":57}},"153":{"start":{"line":284,"column":4},"end":{"line":286,"column":5}},"154":{"start":{"line":285,"column":8},"end":{"line":285,"column":58}},"155":{"start":{"line":285,"column":22},"end":{"line":285,"column":58}},"156":{"start":{"line":291,"column":25},"end":{"line":291,"column":66}},"157":{"start":{"line":292,"column":21},"end":{"line":292,"column":57}},"158":{"start":{"line":293,"column":23},"end":{"line":293,"column":61}},"159":{"start":{"line":294,"column":28},"end":{"line":294,"column":64}},"160":{"start":{"line":295,"column":20},"end":{"line":295,"column":55}},"161":{"start":{"line":297,"column":4},"end":{"line":297,"column":26}},"162":{"start":{"line":299,"column":4},"end":{"line":299,"column":77}},"163":{"start":{"line":299,"column":22},"end":{"line":299,"column":77}},"164":{"start":{"line":300,"column":4},"end":{"line":300,"column":71}},"165":{"start":{"line":300,"column":18},"end":{"line":300,"column":71}},"166":{"start":{"line":301,"column":4},"end":{"line":301,"column":71}},"167":{"start":{"line":301,"column":20},"end":{"line":301,"column":71}},"168":{"start":{"line":302,"column":4},"end":{"line":302,"column":86}},"169":{"start":{"line":302,"column":25},"end":{"line":302,"column":86}},"170":{"start":{"line":303,"column":4},"end":{"line":303,"column":62}},"171":{"start":{"line":303,"column":17},"end":{"line":303,"column":62}},"172":{"start":{"line":307,"column":0},"end":{"line":307,"column":52}}},"fnMap":{"0":{"name":"markCardAsLearned","decl":{"start":{"line":62,"column":16},"end":{"line":62,"column":33}},"loc":{"start":{"line":62,"column":44},"end":{"line":67,"column":1}},"line":62},"1":{"name":"createLearningCards","decl":{"start":{"line":69,"column":16},"end":{"line":69,"column":35}},"loc":{"start":{"line":69,"column":38},"end":{"line":108,"column":1}},"line":69},"2":{"name":"(anonymous_2)","decl":{"start":{"line":71,"column":45},"end":{"line":71,"column":46}},"loc":{"start":{"line":71,"column":53},"end":{"line":71,"column":86}},"line":71},"3":{"name":"(anonymous_3)","decl":{"start":{"line":71,"column":93},"end":{"line":71,"column":94}},"loc":{"start":{"line":71,"column":99},"end":{"line":71,"column":118}},"line":71},"4":{"name":"(anonymous_4)","decl":{"start":{"line":80,"column":25},"end":{"line":80,"column":26}},"loc":{"start":{"line":80,"column":33},"end":{"line":107,"column":5}},"line":80},"5":{"name":"(anonymous_5)","decl":{"start":{"line":94,"column":46},"end":{"line":94,"column":47}},"loc":{"start":{"line":94,"column":53},"end":{"line":98,"column":13}},"line":94},"6":{"name":"(anonymous_6)","decl":{"start":{"line":102,"column":43},"end":{"line":102,"column":44}},"loc":{"start":{"line":102,"column":49},"end":{"line":102,"column":84}},"line":102},"7":{"name":"resetLearnedCards","decl":{"start":{"line":110,"column":16},"end":{"line":110,"column":33}},"loc":{"start":{"line":110,"column":61},"end":{"line":114,"column":1}},"line":110},"8":{"name":"initializeTest","decl":{"start":{"line":121,"column":16},"end":{"line":121,"column":30}},"loc":{"start":{"line":121,"column":33},"end":{"line":160,"column":1}},"line":121},"9":{"name":"(anonymous_9)","decl":{"start":{"line":143,"column":22},"end":{"line":143,"column":23}},"loc":{"start":{"line":143,"column":30},"end":{"line":145,"column":5}},"line":143},"10":{"name":"(anonymous_10)","decl":{"start":{"line":148,"column":48},"end":{"line":148,"column":49}},"loc":{"start":{"line":148,"column":54},"end":{"line":148,"column":73}},"line":148},"11":{"name":"(anonymous_11)","decl":{"start":{"line":149,"column":25},"end":{"line":149,"column":26}},"loc":{"start":{"line":149,"column":42},"end":{"line":157,"column":5}},"line":149},"12":{"name":"shuffleCards","decl":{"start":{"line":162,"column":16},"end":{"line":162,"column":28}},"loc":{"start":{"line":162,"column":31},"end":{"line":177,"column":1}},"line":162},"13":{"name":"addDragAndDropListeners","decl":{"start":{"line":179,"column":16},"end":{"line":179,"column":39}},"loc":{"start":{"line":179,"column":42},"end":{"line":217,"column":1}},"line":179},"14":{"name":"(anonymous_14)","decl":{"start":{"line":186,"column":27},"end":{"line":186,"column":28}},"loc":{"start":{"line":186,"column":35},"end":{"line":194,"column":5}},"line":186},"15":{"name":"(anonymous_15)","decl":{"start":{"line":187,"column":43},"end":{"line":187,"column":44}},"loc":{"start":{"line":187,"column":50},"end":{"line":190,"column":9}},"line":187},"16":{"name":"(anonymous_16)","decl":{"start":{"line":189,"column":23},"end":{"line":189,"column":24}},"loc":{"start":{"line":189,"column":29},"end":{"line":189,"column":57}},"line":189},"17":{"name":"(anonymous_17)","decl":{"start":{"line":191,"column":41},"end":{"line":191,"column":42}},"loc":{"start":{"line":191,"column":47},"end":{"line":193,"column":9}},"line":191},"18":{"name":"(anonymous_18)","decl":{"start":{"line":196,"column":22},"end":{"line":196,"column":23}},"loc":{"start":{"line":196,"column":30},"end":{"line":214,"column":5}},"line":196},"19":{"name":"(anonymous_19)","decl":{"start":{"line":197,"column":42},"end":{"line":197,"column":43}},"loc":{"start":{"line":197,"column":47},"end":{"line":200,"column":9}},"line":197},"20":{"name":"(anonymous_20)","decl":{"start":{"line":201,"column":43},"end":{"line":201,"column":44}},"loc":{"start":{"line":201,"column":49},"end":{"line":203,"column":9}},"line":201},"21":{"name":"(anonymous_21)","decl":{"start":{"line":204,"column":38},"end":{"line":204,"column":39}},"loc":{"start":{"line":204,"column":43},"end":{"line":213,"column":9}},"line":204},"22":{"name":"resetTest","decl":{"start":{"line":219,"column":16},"end":{"line":219,"column":25}},"loc":{"start":{"line":219,"column":28},"end":{"line":247,"column":1}},"line":219},"23":{"name":"(anonymous_23)","decl":{"start":{"line":241,"column":22},"end":{"line":241,"column":23}},"loc":{"start":{"line":241,"column":30},"end":{"line":243,"column":5}},"line":241},"24":{"name":"calculateResults","decl":{"start":{"line":249,"column":16},"end":{"line":249,"column":32}},"loc":{"start":{"line":249,"column":35},"end":{"line":278,"column":1}},"line":249},"25":{"name":"(anonymous_25)","decl":{"start":{"line":257,"column":22},"end":{"line":257,"column":23}},"loc":{"start":{"line":257,"column":30},"end":{"line":274,"column":5}},"line":257},"26":{"name":"(anonymous_26)","decl":{"start":{"line":261,"column":28},"end":{"line":261,"column":29}},"loc":{"start":{"line":261,"column":36},"end":{"line":273,"column":9}},"line":261},"27":{"name":"checkTestCompletion","decl":{"start":{"line":280,"column":16},"end":{"line":280,"column":35}},"loc":{"start":{"line":280,"column":38},"end":{"line":287,"column":1}},"line":280},"28":{"name":"init","decl":{"start":{"line":290,"column":9},"end":{"line":290,"column":13}},"loc":{"start":{"line":290,"column":16},"end":{"line":304,"column":1}},"line":290}},"branchMap":{"0":{"loc":{"start":{"line":2,"column":26},"end":{"line":2,"column":80}},"type":"binary-expr","locations":[{"start":{"line":2,"column":26},"end":{"line":2,"column":74}},{"start":{"line":2,"column":78},"end":{"line":2,"column":80}}],"line":2},"1":{"loc":{"start":{"line":63,"column":4},"end":{"line":66,"column":5}},"type":"if","locations":[{"start":{"line":63,"column":4},"end":{"line":66,"column":5}},{"start":{},"end":{}}],"line":63},"2":{"loc":{"start":{"line":76,"column":4},"end":{"line":78,"column":5}},"type":"if","locations":[{"start":{"line":76,"column":4},"end":{"line":78,"column":5}},{"start":{},"end":{}}],"line":76},"3":{"loc":{"start":{"line":93,"column":8},"end":{"line":99,"column":9}},"type":"if","locations":[{"start":{"line":93,"column":8},"end":{"line":99,"column":9}},{"start":{},"end":{}}],"line":93},"4":{"loc":{"start":{"line":101,"column":8},"end":{"line":106,"column":9}},"type":"if","locations":[{"start":{"line":101,"column":8},"end":{"line":106,"column":9}},{"start":{},"end":{}}],"line":101},"5":{"loc":{"start":{"line":103,"column":12},"end":{"line":105,"column":13}},"type":"if","locations":[{"start":{"line":103,"column":12},"end":{"line":105,"column":13}},{"start":{},"end":{}}],"line":103},"6":{"loc":{"start":{"line":110,"column":34},"end":{"line":110,"column":59}},"type":"default-arg","locations":[{"start":{"line":110,"column":40},"end":{"line":110,"column":59}}],"line":110},"7":{"loc":{"start":{"line":134,"column":4},"end":{"line":134,"column":63}},"type":"if","locations":[{"start":{"line":134,"column":4},"end":{"line":134,"column":63}},{"start":{},"end":{}}],"line":134},"8":{"loc":{"start":{"line":135,"column":4},"end":{"line":135,"column":59}},"type":"if","locations":[{"start":{"line":135,"column":4},"end":{"line":135,"column":59}},{"start":{},"end":{}}],"line":135},"9":{"loc":{"start":{"line":136,"column":4},"end":{"line":136,"column":54}},"type":"if","locations":[{"start":{"line":136,"column":4},"end":{"line":136,"column":54}},{"start":{},"end":{}}],"line":136},"10":{"loc":{"start":{"line":137,"column":4},"end":{"line":137,"column":65}},"type":"if","locations":[{"start":{"line":137,"column":4},"end":{"line":137,"column":65}},{"start":{},"end":{}}],"line":137},"11":{"loc":{"start":{"line":140,"column":4},"end":{"line":140,"column":66}},"type":"if","locations":[{"start":{"line":140,"column":4},"end":{"line":140,"column":66}},{"start":{},"end":{}}],"line":140},"12":{"loc":{"start":{"line":141,"column":4},"end":{"line":141,"column":58}},"type":"if","locations":[{"start":{"line":141,"column":4},"end":{"line":141,"column":58}},{"start":{},"end":{}}],"line":141},"13":{"loc":{"start":{"line":142,"column":4},"end":{"line":142,"column":51}},"type":"if","locations":[{"start":{"line":142,"column":4},"end":{"line":142,"column":51}},{"start":{},"end":{}}],"line":142},"14":{"loc":{"start":{"line":144,"column":8},"end":{"line":144,"column":67}},"type":"if","locations":[{"start":{"line":144,"column":8},"end":{"line":144,"column":67}},{"start":{},"end":{}}],"line":144},"15":{"loc":{"start":{"line":156,"column":8},"end":{"line":156,"column":73}},"type":"if","locations":[{"start":{"line":156,"column":8},"end":{"line":156,"column":73}},{"start":{},"end":{}}],"line":156},"16":{"loc":{"start":{"line":164,"column":4},"end":{"line":164,"column":38}},"type":"if","locations":[{"start":{"line":164,"column":4},"end":{"line":164,"column":38}},{"start":{},"end":{}}],"line":164},"17":{"loc":{"start":{"line":181,"column":4},"end":{"line":181,"column":38}},"type":"if","locations":[{"start":{"line":181,"column":4},"end":{"line":181,"column":38}},{"start":{},"end":{}}],"line":181},"18":{"loc":{"start":{"line":209,"column":12},"end":{"line":211,"column":13}},"type":"if","locations":[{"start":{"line":209,"column":12},"end":{"line":211,"column":13}},{"start":{},"end":{}}],"line":209},"19":{"loc":{"start":{"line":230,"column":4},"end":{"line":230,"column":51}},"type":"if","locations":[{"start":{"line":230,"column":4},"end":{"line":230,"column":51}},{"start":{},"end":{}}],"line":230},"20":{"loc":{"start":{"line":231,"column":4},"end":{"line":231,"column":66}},"type":"if","locations":[{"start":{"line":231,"column":4},"end":{"line":231,"column":66}},{"start":{},"end":{}}],"line":231},"21":{"loc":{"start":{"line":232,"column":4},"end":{"line":232,"column":62}},"type":"if","locations":[{"start":{"line":232,"column":4},"end":{"line":232,"column":62}},{"start":{},"end":{}}],"line":232},"22":{"loc":{"start":{"line":233,"column":4},"end":{"line":233,"column":68}},"type":"if","locations":[{"start":{"line":233,"column":4},"end":{"line":233,"column":68}},{"start":{},"end":{}}],"line":233},"23":{"loc":{"start":{"line":236,"column":4},"end":{"line":236,"column":66}},"type":"if","locations":[{"start":{"line":236,"column":4},"end":{"line":236,"column":66}},{"start":{},"end":{}}],"line":236},"24":{"loc":{"start":{"line":237,"column":4},"end":{"line":237,"column":58}},"type":"if","locations":[{"start":{"line":237,"column":4},"end":{"line":237,"column":58}},{"start":{},"end":{}}],"line":237},"25":{"loc":{"start":{"line":238,"column":4},"end":{"line":238,"column":51}},"type":"if","locations":[{"start":{"line":238,"column":4},"end":{"line":238,"column":51}},{"start":{},"end":{}}],"line":238},"26":{"loc":{"start":{"line":242,"column":8},"end":{"line":242,"column":67}},"type":"if","locations":[{"start":{"line":242,"column":8},"end":{"line":242,"column":67}},{"start":{},"end":{}}],"line":242},"27":{"loc":{"start":{"line":262,"column":12},"end":{"line":272,"column":13}},"type":"if","locations":[{"start":{"line":262,"column":12},"end":{"line":272,"column":13}},{"start":{},"end":{}}],"line":262},"28":{"loc":{"start":{"line":265,"column":16},"end":{"line":271,"column":17}},"type":"if","locations":[{"start":{"line":265,"column":16},"end":{"line":271,"column":17}},{"start":{"line":268,"column":23},"end":{"line":271,"column":17}}],"line":265},"29":{"loc":{"start":{"line":276,"column":4},"end":{"line":276,"column":119}},"type":"if","locations":[{"start":{"line":276,"column":4},"end":{"line":276,"column":119}},{"start":{},"end":{}}],"line":276},"30":{"loc":{"start":{"line":277,"column":4},"end":{"line":277,"column":51}},"type":"if","locations":[{"start":{"line":277,"column":4},"end":{"line":277,"column":51}},{"start":{},"end":{}}],"line":277},"31":{"loc":{"start":{"line":284,"column":4},"end":{"line":286,"column":5}},"type":"if","locations":[{"start":{"line":284,"column":4},"end":{"line":286,"column":5}},{"start":{},"end":{}}],"line":284},"32":{"loc":{"start":{"line":284,"column":8},"end":{"line":284,"column":74}},"type":"binary-expr","locations":[{"start":{"line":284,"column":8},"end":{"line":284,"column":28}},{"start":{"line":284,"column":32},"end":{"line":284,"column":74}}],"line":284},"33":{"loc":{"start":{"line":285,"column":8},"end":{"line":285,"column":58}},"type":"if","locations":[{"start":{"line":285,"column":8},"end":{"line":285,"column":58}},{"start":{},"end":{}}],"line":285},"34":{"loc":{"start":{"line":299,"column":4},"end":{"line":299,"column":77}},"type":"if","locations":[{"start":{"line":299,"column":4},"end":{"line":299,"column":77}},{"start":{},"end":{}}],"line":299},"35":{"loc":{"start":{"line":300,"column":4},"end":{"line":300,"column":71}},"type":"if","locations":[{"start":{"line":300,"column":4},"end":{"line":300,"column":71}},{"start":{},"end":{}}],"line":300},"36":{"loc":{"start":{"line":301,"column":4},"end":{"line":301,"column":71}},"type":"if","locations":[{"start":{"line":301,"column":4},"end":{"line":301,"column":71}},{"start":{},"end":{}}],"line":301},"37":{"loc":{"start":{"line":302,"column":4},"end":{"line":302,"column":86}},"type":"if","locations":[{"start":{"line":302,"column":4},"end":{"line":302,"column":86}},{"start":{},"end":{}}],"line":302},"38":{"loc":{"start":{"line":303,"column":4},"end":{"line":303,"column":62}},"type":"if","locations":[{"start":{"line":303,"column":4},"end":{"line":303,"column":62}},{"start":{},"end":{}}],"line":303}},"s":{"0":1,"1":1,"2":6,"3":5,"4":5,"5":9,"6":9,"7":459,"8":449,"9":9,"10":9,"11":9,"12":458,"13":458,"14":458,"15":458,"16":458,"17":458,"18":1,"19":1,"20":1,"21":458,"22":458,"23":2,"24":458,"25":458,"26":2,"27":2,"28":2,"29":1,"30":1,"31":1,"32":1,"33":1,"34":1,"35":1,"36":1,"37":1,"38":1,"39":1,"40":1,"41":1,"42":1,"43":1,"44":1,"45":1,"46":1,"47":1,"48":1,"49":1,"50":1,"51":1,"52":1,"53":1,"54":2,"55":2,"56":1,"57":50,"58":1,"59":20,"60":20,"61":20,"62":20,"63":20,"64":20,"65":20,"66":20,"67":1,"68":1,"69":1,"70":0,"71":1,"72":1,"73":1,"74":2,"75":2,"76":2,"77":2,"78":2,"79":0,"80":2,"81":2,"82":2,"83":2,"84":21,"85":0,"86":0,"87":0,"88":21,"89":0,"90":2,"91":4,"92":0,"93":0,"94":4,"95":0,"96":4,"97":0,"98":0,"99":0,"100":0,"101":0,"102":0,"103":0,"104":3,"105":3,"106":3,"107":3,"108":3,"109":3,"110":3,"111":3,"112":3,"113":3,"114":3,"115":3,"116":3,"117":3,"118":3,"119":3,"120":3,"121":3,"122":3,"123":3,"124":3,"125":3,"126":3,"127":6,"128":6,"129":3,"130":1,"131":1,"132":1,"133":1,"134":1,"135":1,"136":2,"137":2,"138":2,"139":3,"140":3,"141":3,"142":3,"143":2,"144":2,"145":1,"146":1,"147":1,"148":1,"149":1,"150":1,"151":2,"152":2,"153":2,"154":1,"155":1,"156":0,"157":0,"158":0,"159":0,"160":0,"161":0,"162":0,"163":0,"164":0,"165":0,"166":0,"167":0,"168":0,"169":0,"170":0,"171":0,"172":1},"f":{"0":6,"1":9,"2":459,"3":449,"4":458,"5":1,"6":2,"7":2,"8":1,"9":2,"10":50,"11":20,"12":1,"13":2,"14":21,"15":0,"16":0,"17":0,"18":4,"19":0,"20":0,"21":0,"22":3,"23":6,"24":1,"25":2,"26":3,"27":2,"28":0},"b":{"0":[1,1],"1":[5,1],"2":[9,0],"3":[458,0],"4":[458,0],"5":[458,0],"6":[0],"7":[1,0],"8":[1,0],"9":[1,0],"10":[1,0],"11":[1,0],"12":[1,0],"13":[1,0],"14":[2,0],"15":[20,0],"16":[0,1],"17":[0,2],"18":[0,0],"19":[3,0],"20":[3,0],"21":[3,0],"22":[3,0],"23":[3,0],"24":[3,0],"25":[3,0],"26":[6,0],"27":[3,0],"28":[2,1],"29":[1,0],"30":[1,0],"31":[1,1],"32":[2,2],"33":[1,0],"34":[0,0],"35":[0,0],"36":[0,0],"37":[0,0],"38":[0,0]},"_coverageSchema":"1a1c01bbd47fc00a2c39e90264f33305004495a9","hash":"0d5a4ab823f264e8aad088f6a3ecdd71394271f9"}
}
