TN:
SF:script.js
FN:62,markCardAsLearned
FN:69,createLearningCards
FN:71,(anonymous_2)
FN:71,(anonymous_3)
FN:80,(anonymous_4)
FN:94,(anonymous_5)
FN:102,(anonymous_6)
FN:110,resetLearnedCards
FN:121,initializeTest
FN:143,(anonymous_9)
FN:148,(anonymous_10)
FN:149,(anonymous_11)
FN:162,shuffleCards
FN:179,addDragAndDropListeners
FN:186,(anonymous_14)
FN:187,(anonymous_15)
FN:189,(anonymous_16)
FN:191,(anonymous_17)
FN:196,(anonymous_18)
FN:197,(anonymous_19)
FN:201,(anonymous_20)
FN:204,(anonymous_21)
FN:219,resetTest
FN:241,(anonymous_23)
FN:249,calculateResults
FN:257,(anonymous_25)
FN:261,(anonymous_26)
FN:280,checkTestCompletion
FN:290,init
FNF:29
FNH:22
FNDA:6,markCardAsLearned
FNDA:9,createLearningCards
FNDA:459,(anonymous_2)
FNDA:449,(anonymous_3)
FNDA:458,(anonymous_4)
FNDA:1,(anonymous_5)
FNDA:2,(anonymous_6)
FNDA:2,resetLearnedCards
FNDA:1,initializeTest
FNDA:2,(anonymous_9)
FNDA:50,(anonymous_10)
FNDA:20,(anonymous_11)
FNDA:1,shuffleCards
FNDA:2,addDragAndDropListeners
FNDA:21,(anonymous_14)
FNDA:0,(anonymous_15)
FNDA:0,(anonymous_16)
FNDA:0,(anonymous_17)
FNDA:4,(anonymous_18)
FNDA:0,(anonymous_19)
FNDA:0,(anonymous_20)
FNDA:0,(anonymous_21)
FNDA:3,resetTest
FNDA:6,(anonymous_23)
FNDA:1,calculateResults
FNDA:2,(anonymous_25)
FNDA:3,(anonymous_26)
FNDA:2,checkTestCompletion
FNDA:0,init
DA:2,1
DA:7,1
DA:63,6
DA:64,5
DA:65,5
DA:70,9
DA:71,459
DA:76,9
DA:77,9
DA:80,9
DA:81,458
DA:82,458
DA:83,458
DA:92,458
DA:93,458
DA:94,458
DA:95,1
DA:96,1
DA:97,1
DA:101,458
DA:102,458
DA:103,458
DA:104,458
DA:111,2
DA:112,2
DA:113,2
DA:122,1
DA:123,1
DA:124,1
DA:125,1
DA:126,1
DA:127,1
DA:128,1
DA:129,1
DA:130,1
DA:131,1
DA:134,1
DA:135,1
DA:136,1
DA:137,1
DA:140,1
DA:141,1
DA:142,1
DA:143,1
DA:144,2
DA:148,50
DA:149,1
DA:150,20
DA:151,20
DA:152,20
DA:153,20
DA:154,20
DA:155,20
DA:156,20
DA:159,1
DA:163,1
DA:164,1
DA:165,1
DA:168,1
DA:169,2
DA:172,2
DA:175,2
DA:180,2
DA:181,2
DA:182,2
DA:183,2
DA:184,2
DA:186,2
DA:187,21
DA:188,0
DA:189,0
DA:191,21
DA:192,0
DA:196,2
DA:197,4
DA:198,0
DA:199,0
DA:201,4
DA:202,0
DA:204,4
DA:205,0
DA:206,0
DA:207,0
DA:208,0
DA:209,0
DA:210,0
DA:212,0
DA:220,3
DA:221,3
DA:222,3
DA:223,3
DA:224,3
DA:225,3
DA:226,3
DA:227,3
DA:230,3
DA:231,3
DA:232,3
DA:233,3
DA:236,3
DA:237,3
DA:238,3
DA:241,3
DA:242,6
DA:246,3
DA:250,1
DA:251,1
DA:252,1
DA:254,1
DA:255,1
DA:257,1
DA:258,2
DA:259,2
DA:261,2
DA:262,3
DA:263,3
DA:264,3
DA:265,3
DA:266,2
DA:267,2
DA:269,1
DA:270,1
DA:276,1
DA:277,1
DA:281,2
DA:282,2
DA:284,2
DA:285,1
DA:291,0
DA:292,0
DA:293,0
DA:294,0
DA:295,0
DA:297,0
DA:299,0
DA:300,0
DA:301,0
DA:302,0
DA:303,0
DA:307,1
LF:140
LH:116
BRDA:2,0,0,1
BRDA:2,0,1,1
BRDA:63,1,0,5
BRDA:63,1,1,1
BRDA:76,2,0,9
BRDA:76,2,1,0
BRDA:93,3,0,458
BRDA:93,3,1,0
BRDA:101,4,0,458
BRDA:101,4,1,0
BRDA:103,5,0,458
BRDA:103,5,1,0
BRDA:110,6,0,0
BRDA:134,7,0,1
BRDA:134,7,1,0
BRDA:135,8,0,1
BRDA:135,8,1,0
BRDA:136,9,0,1
BRDA:136,9,1,0
BRDA:137,10,0,1
BRDA:137,10,1,0
BRDA:140,11,0,1
BRDA:140,11,1,0
BRDA:141,12,0,1
BRDA:141,12,1,0
BRDA:142,13,0,1
BRDA:142,13,1,0
BRDA:144,14,0,2
BRDA:144,14,1,0
BRDA:156,15,0,20
BRDA:156,15,1,0
BRDA:164,16,0,0
BRDA:164,16,1,1
BRDA:181,17,0,0
BRDA:181,17,1,2
BRDA:209,18,0,0
BRDA:209,18,1,0
BRDA:230,19,0,3
BRDA:230,19,1,0
BRDA:231,20,0,3
BRDA:231,20,1,0
BRDA:232,21,0,3
BRDA:232,21,1,0
BRDA:233,22,0,3
BRDA:233,22,1,0
BRDA:236,23,0,3
BRDA:236,23,1,0
BRDA:237,24,0,3
BRDA:237,24,1,0
BRDA:238,25,0,3
BRDA:238,25,1,0
BRDA:242,26,0,6
BRDA:242,26,1,0
BRDA:262,27,0,3
BRDA:262,27,1,0
BRDA:265,28,0,2
BRDA:265,28,1,1
BRDA:276,29,0,1
BRDA:276,29,1,0
BRDA:277,30,0,1
BRDA:277,30,1,0
BRDA:284,31,0,1
BRDA:284,31,1,1
BRDA:284,32,0,2
BRDA:284,32,1,2
BRDA:285,33,0,1
BRDA:285,33,1,0
BRDA:299,34,0,0
BRDA:299,34,1,0
BRDA:300,35,0,0
BRDA:300,35,1,0
BRDA:301,36,0,0
BRDA:301,36,1,0
BRDA:302,37,0,0
BRDA:302,37,1,0
BRDA:303,38,0,0
BRDA:303,38,1,0
BRF:77
BRH:37
end_of_record
